<?xml version="1.0" encoding="UTF-8"?>
<!-- Generated by org.testng.reporters.JUnitReportReporter -->
<testsuite hostname="HOME" name="Regression.Test.Suite.PingLinks" tests="2" failures="0" timestamp="1 Apr 2020 13:47:20 GMT" time="45.426" errors="0">
  <testcase name="loadCMSPage" time="1.166" classname="Regression.Test.Suite.PingLinks"/>
  <testcase name="verifyTheConnection" time="44.260" classname="Regression.Test.Suite.PingLinks"/>
</testsuite> <!-- Regression.Test.Suite.PingLinks -->
