<?xml version="1.0" encoding="UTF-8"?>
<!-- Generated by org.testng.reporters.JUnitReportReporter -->
<testsuite hostname="HOME" name="Atlas.Pages.BaseClass" tests="1" failures="0" timestamp="30 Mar 2020 21:51:25 GMT" time="0.016" errors="0">
  <testcase name="testThis" time="0.016" classname="Atlas.Pages.BaseClass"/>
</testsuite> <!-- Atlas.Pages.BaseClass -->
